<?xml version="1.0" encoding="UTF-8"?>
<testsuite xmlns:xsi="http://www.w3.org/2001/XMLSchema-instance" xsi:noNamespaceSchemaLocation="https://maven.apache.org/surefire/maven-surefire-plugin/xsd/surefire-test-report-3.0.xsd" version="3.0" name="com.api.reactive.ProductControllerIntegrationTest" time="19.542" tests="4" errors="0" skipped="0" failures="0">
  <properties>
[...]
</properties>
  <testcase name="createProduct_invalidInput_returns400" classname="com.api.reactive.ProductControllerIntegrationTest" time="1.32">
    <system-out><![CDATA[16:23:58.798 [main] INFO org.springframework.test.context.support.AnnotationConfigContextLoaderUtils -- Could not detect default configuration classes for test class [com.api.reactive.ProductControllerIntegrationTest]: ProductControllerIntegrationTest does not declare any static, non-private, non-final, nested classes annotated with @Configuration.
16:23:59.570 [main] INFO org.springframework.boot.test.context.SpringBootTestContextBootstrapper -- Found @SpringBootConfiguration com.api.reactive.ReactiveApiApplication for test class com.api.reactive.ProductControllerIntegrationTest

  .   ____          _            __ _ _
 /\\ / ___'_ __ _ _(_)_ __  __ _ \ \ \ \
( ( )\___ | '_ | '_| | '_ \/ _` | \ \ \ \
 \\/  ___)| |_)| | | | | || (_| |  ) ) ) )
  '  |____| .__|_| |_|_| |_\__, | / / / /
 =========|_|==============|___/=/_/_/_/
 :: Spring Boot ::                (v3.2.5)

2026-06-24 16:24:02 [main] INFO  c.a.r.ProductControllerIntegrationTest - Starting ProductControllerIntegrationTest using Java 21.0.9 with PID 400 (started by FRANK in C:\Users\FRANK\Desktop\springboot-reactive-api)
2026-06-24 16:24:02 [main] DEBUG c.a.r.ProductControllerIntegrationTest - Running with Spring Boot v3.2.5, Spring v6.1.6
2026-06-24 16:24:02 [main] INFO  c.a.r.ProductControllerIntegrationTest - No active profile set, falling back to 1 default profile: "default"
2026-06-24 16:24:15 [main] INFO  c.a.r.ProductControllerIntegrationTest - Started ProductControllerIntegrationTest in 15.343 seconds (process running for 21.355)
2026-06-24 16:24:16 [parallel-1] WARN  c.a.r.e.GlobalExceptionHandler - Validation failed: {name=Name is required}
]]></system-out>
    <system-err><![CDATA[WARNING: A Java agent has been loaded dynamically (C:\Users\FRANK\.m2\repository\net\bytebuddy\byte-buddy-agent\1.14.13\byte-buddy-agent-1.14.13.jar)
WARNING: If a serviceability tool is in use, please run with -XX:+EnableDynamicAgentLoading to hide this warning
WARNING: If a serviceability tool is not in use, please run with -Djdk.instrument.traceUsage for more information
WARNING: Dynamic loading of agents will be disallowed by default in a future release
]]></system-err>
  </testcase>
  <testcase name="createProduct_returns201" classname="com.api.reactive.ProductControllerIntegrationTest" time="0.242">
    <system-out><![CDATA[2026-06-24 16:24:17 [parallel-2] INFO  c.a.r.controller.ProductController - POST /api/v1/products — SKU: ELEC-KBD-001
]]></system-out>
  </testcase>
  <testcase name="deleteProduct_returns204" classname="com.api.reactive.ProductControllerIntegrationTest" time="0.041">
    <system-out><![CDATA[2026-06-24 16:24:17 [parallel-3] INFO  c.a.r.controller.ProductController - DELETE /api/v1/products/1
]]></system-out>
  </testcase>
  <testcase name="getProductById_returns200" classname="com.api.reactive.ProductControllerIntegrationTest" time="0.028"/>
</testsuite>